<?xml version="1.0" encoding="UTF-8"?>
<!-- Generated by org.testng.reporters.JUnitReportReporter -->
<testsuite hostname="Diya" name="com.AnyAUT.PrepareRun" tests="1" failures="0" timestamp="29 Nov 2019 20:26:08 GMT" time="0.003" errors="0">
  <testcase name="createRunSetUpData" time="0.003" classname="com.AnyAUT.PrepareRun"/>
</testsuite> <!-- com.AnyAUT.PrepareRun -->
