<?xml version="1.0" encoding="UTF-8"?>
<!-- Generated by org.testng.reporters.JUnitReportReporter -->
<testsuite hostname="DESKTOP-NQIIQ77" name="com.AnyAUT.PrepareRun" tests="1" failures="0" timestamp="26 Sep 2019 05:02:02 GMT" time="0.072" errors="0">
  <testcase name="createRunSetUpData" time="0.072" classname="com.AnyAUT.PrepareRun"/>
</testsuite> <!-- com.AnyAUT.PrepareRun -->
