<?xml version="1.0" encoding="UTF-8"?>
<!-- Generated by org.testng.reporters.JUnitReportReporter -->
<testsuite hostname="Diya" name="com.AnyAUT.PrepareRun" tests="1" failures="0" timestamp="16 Dec 2019 18:13:32 GMT" time="0.015" errors="0">
  <testcase name="createRunSetUpData" time="0.015" classname="com.AnyAUT.PrepareRun"/>
</testsuite> <!-- com.AnyAUT.PrepareRun -->
