<?xml version="1.0" encoding="UTF-8"?>
<!-- Generated by org.testng.reporters.JUnitReportReporter -->
<testsuite hostname="DESKTOP-NQIIQ77" name="com.AnyAUT.PrepareRun" tests="1" failures="0" timestamp="21 Sep 2019 19:53:36 GMT" time="0.009" errors="0">
  <testcase name="createRunSetUpData" time="0.009" classname="com.AnyAUT.PrepareRun"/>
</testsuite> <!-- com.AnyAUT.PrepareRun -->
