<?xml version="1.0" encoding="UTF-8"?>
<!-- Generated by org.testng.reporters.JUnitReportReporter -->
<testsuite hostname="DESKTOP-NQIIQ77" name="com.AnyAUT.ExecuteTest" tests="1" failures="0" timestamp="20 Sep 2019 00:20:41 GMT" time="254.237" errors="0">
  <testcase name="executeTestSteps" time="254.237" classname="com.AnyAUT.ExecuteTest"/>
</testsuite> <!-- com.AnyAUT.ExecuteTest -->
